

Microchip MPLAB XC8 Assembler V2.20 build 20200408173844 
                                                                                               Wed Dec 16 00:41:13 2020

Microchip MPLAB XC8 C Compiler v2.20 (Free license) build 20200408173844 Og1 
     1                           	processor	16F887
     2                           	pagewidth 120
     3                           	opt	flic
     4                           	psect	idataBANK0,global,class=CODE,delta=2,noexec
     5                           	psect	cinit,global,class=CODE,merge=1,delta=2
     6                           	psect	bssCOMMON,global,class=COMMON,space=1,delta=1,noexec
     7                           	psect	dataBANK0,global,class=BANK0,space=1,delta=1,noexec
     8                           	psect	cstackCOMMON,global,class=COMMON,space=1,delta=1,noexec
     9                           	psect	cstackBANK0,global,class=BANK0,space=1,delta=1,noexec
    10                           	psect	maintext,global,class=CODE,split=1,delta=2
    11                           	psect	text1,local,class=CODE,merge=1,delta=2
    12                           	psect	text2,local,class=CODE,merge=1,delta=2
    13                           	psect	text3,local,class=CODE,merge=1,delta=2
    14                           	psect	text4,local,class=CODE,merge=1,delta=2
    15                           	psect	text5,local,class=CODE,merge=1,delta=2
    16                           	psect	intentry,global,class=CODE,delta=2
    17                           	psect	text6,local,class=CODE,merge=1,delta=2
    18                           	psect	text7,local,class=CODE,merge=1,delta=2
    19                           	psect	config,global,abs,ovrld,class=CONFIG,space=4,delta=2,noexec
    20                           	dabs	1,0x7E,2
    21  0000                     
    22                           ; Version 2.20
    23                           ; Generated 09/04/2020 GMT
    24                           ; 
    25                           ; Copyright © 2020, Microchip Technology Inc. and its subsidiaries ("Microchip")
    26                           ; All rights reserved.
    27                           ; 
    28                           ; This software is developed by Microchip Technology Inc. and its subsidiaries ("Microch
      +                          ip").
    29                           ; 
    30                           ; Redistribution and use in source and binary forms, with or without modification, are
    31                           ; permitted provided that the following conditions are met:
    32                           ; 
    33                           ;     1. Redistributions of source code must retain the above copyright notice, this lis
      +                          t of
    34                           ;        conditions and the following disclaimer.
    35                           ; 
    36                           ;     2. Redistributions in binary form must reproduce the above copyright notice, this 
      +                          list
    37                           ;        of conditions and the following disclaimer in the documentation and/or other
    38                           ;        materials provided with the distribution.
    39                           ; 
    40                           ;     3. Microchip's name may not be used to endorse or promote products derived from th
      +                          is
    41                           ;        software without specific prior written permission.
    42                           ; 
    43                           ; THIS SOFTWARE IS PROVIDED BY MICROCHIP "AS IS" AND ANY EXPRESS OR IMPLIED WARRANTIES,
    44                           ; INCLUDING, BUT NOT LIMITED TO, THE IMPLIED WARRANTIES OF MERCHANTABILITY AND FITNESS F
      +                          OR
    45                           ; PURPOSE ARE DISCLAIMED.  IN NO EVENT SHALL MICROCHIP BE LIABLE FOR ANY DIRECT, INDIREC
      +                          T,
    46                           ; INCIDENTAL, SPECIAL, EXEMPLARY, OR CONSEQUENTIAL DAMAGES (INCLUDING BUT NOT LIMITED TO
    47                           ; PROCUREMENT OF SUBSTITUTE GOODS OR SERVICES; LOSS OF USE, DATA OR PROFITS; OR BUSINESS
    48                           ; INTERRUPTION) HOWSOEVER CAUSED AND ON ANY THEORY OF LIABILITY, WHETHER IN CONTRACT, ST
      +                          RICT
    49                           ; LIABILITY, OR TORT (INCLUDING NEGLIGENCE OR OTHERWISE) ARISING IN ANY WAY OUT OF THE U
      +                          SE OF
    50                           ; THIS SOFTWARE, EVEN IF ADVISED OF THE POSSIBILITY OF SUCH DAMAGE.
    51                           ; 
    52                           ; 
    53                           ; Code-generator required, PIC16F887 Definitions
    54                           ; 
    55                           ; SFR Addresses
    56  0000                     	;# 
    57  0001                     	;# 
    58  0002                     	;# 
    59  0003                     	;# 
    60  0004                     	;# 
    61  0005                     	;# 
    62  0006                     	;# 
    63  0007                     	;# 
    64  0008                     	;# 
    65  0009                     	;# 
    66  000A                     	;# 
    67  000B                     	;# 
    68  000C                     	;# 
    69  000D                     	;# 
    70  000E                     	;# 
    71  000E                     	;# 
    72  000F                     	;# 
    73  0010                     	;# 
    74  0011                     	;# 
    75  0012                     	;# 
    76  0013                     	;# 
    77  0014                     	;# 
    78  0015                     	;# 
    79  0015                     	;# 
    80  0016                     	;# 
    81  0017                     	;# 
    82  0018                     	;# 
    83  0019                     	;# 
    84  001A                     	;# 
    85  001B                     	;# 
    86  001B                     	;# 
    87  001C                     	;# 
    88  001D                     	;# 
    89  001E                     	;# 
    90  001F                     	;# 
    91  0081                     	;# 
    92  0085                     	;# 
    93  0086                     	;# 
    94  0087                     	;# 
    95  0088                     	;# 
    96  0089                     	;# 
    97  008C                     	;# 
    98  008D                     	;# 
    99  008E                     	;# 
   100  008F                     	;# 
   101  0090                     	;# 
   102  0091                     	;# 
   103  0092                     	;# 
   104  0093                     	;# 
   105  0093                     	;# 
   106  0093                     	;# 
   107  0094                     	;# 
   108  0095                     	;# 
   109  0096                     	;# 
   110  0097                     	;# 
   111  0098                     	;# 
   112  0099                     	;# 
   113  009A                     	;# 
   114  009B                     	;# 
   115  009C                     	;# 
   116  009D                     	;# 
   117  009E                     	;# 
   118  009F                     	;# 
   119  0105                     	;# 
   120  0107                     	;# 
   121  0108                     	;# 
   122  0109                     	;# 
   123  010C                     	;# 
   124  010C                     	;# 
   125  010D                     	;# 
   126  010E                     	;# 
   127  010F                     	;# 
   128  0185                     	;# 
   129  0187                     	;# 
   130  0188                     	;# 
   131  0189                     	;# 
   132  018C                     	;# 
   133  018D                     	;# 
   134  0000                     	;# 
   135  0001                     	;# 
   136  0002                     	;# 
   137  0003                     	;# 
   138  0004                     	;# 
   139  0005                     	;# 
   140  0006                     	;# 
   141  0007                     	;# 
   142  0008                     	;# 
   143  0009                     	;# 
   144  000A                     	;# 
   145  000B                     	;# 
   146  000C                     	;# 
   147  000D                     	;# 
   148  000E                     	;# 
   149  000E                     	;# 
   150  000F                     	;# 
   151  0010                     	;# 
   152  0011                     	;# 
   153  0012                     	;# 
   154  0013                     	;# 
   155  0014                     	;# 
   156  0015                     	;# 
   157  0015                     	;# 
   158  0016                     	;# 
   159  0017                     	;# 
   160  0018                     	;# 
   161  0019                     	;# 
   162  001A                     	;# 
   163  001B                     	;# 
   164  001B                     	;# 
   165  001C                     	;# 
   166  001D                     	;# 
   167  001E                     	;# 
   168  001F                     	;# 
   169  0081                     	;# 
   170  0085                     	;# 
   171  0086                     	;# 
   172  0087                     	;# 
   173  0088                     	;# 
   174  0089                     	;# 
   175  008C                     	;# 
   176  008D                     	;# 
   177  008E                     	;# 
   178  008F                     	;# 
   179  0090                     	;# 
   180  0091                     	;# 
   181  0092                     	;# 
   182  0093                     	;# 
   183  0093                     	;# 
   184  0093                     	;# 
   185  0094                     	;# 
   186  0095                     	;# 
   187  0096                     	;# 
   188  0097                     	;# 
   189  0098                     	;# 
   190  0099                     	;# 
   191  009A                     	;# 
   192  009B                     	;# 
   193  009C                     	;# 
   194  009D                     	;# 
   195  009E                     	;# 
   196  009F                     	;# 
   197  0105                     	;# 
   198  0107                     	;# 
   199  0108                     	;# 
   200  0109                     	;# 
   201  010C                     	;# 
   202  010C                     	;# 
   203  010D                     	;# 
   204  010E                     	;# 
   205  010F                     	;# 
   206  0185                     	;# 
   207  0187                     	;# 
   208  0188                     	;# 
   209  0189                     	;# 
   210  018C                     	;# 
   211  018D                     	;# 
   212  0000                     	;# 
   213  0001                     	;# 
   214  0002                     	;# 
   215  0003                     	;# 
   216  0004                     	;# 
   217  0005                     	;# 
   218  0006                     	;# 
   219  0007                     	;# 
   220  0008                     	;# 
   221  0009                     	;# 
   222  000A                     	;# 
   223  000B                     	;# 
   224  000C                     	;# 
   225  000D                     	;# 
   226  000E                     	;# 
   227  000E                     	;# 
   228  000F                     	;# 
   229  0010                     	;# 
   230  0011                     	;# 
   231  0012                     	;# 
   232  0013                     	;# 
   233  0014                     	;# 
   234  0015                     	;# 
   235  0015                     	;# 
   236  0016                     	;# 
   237  0017                     	;# 
   238  0018                     	;# 
   239  0019                     	;# 
   240  001A                     	;# 
   241  001B                     	;# 
   242  001B                     	;# 
   243  001C                     	;# 
   244  001D                     	;# 
   245  001E                     	;# 
   246  001F                     	;# 
   247  0081                     	;# 
   248  0085                     	;# 
   249  0086                     	;# 
   250  0087                     	;# 
   251  0088                     	;# 
   252  0089                     	;# 
   253  008C                     	;# 
   254  008D                     	;# 
   255  008E                     	;# 
   256  008F                     	;# 
   257  0090                     	;# 
   258  0091                     	;# 
   259  0092                     	;# 
   260  0093                     	;# 
   261  0093                     	;# 
   262  0093                     	;# 
   263  0094                     	;# 
   264  0095                     	;# 
   265  0096                     	;# 
   266  0097                     	;# 
   267  0098                     	;# 
   268  0099                     	;# 
   269  009A                     	;# 
   270  009B                     	;# 
   271  009C                     	;# 
   272  009D                     	;# 
   273  009E                     	;# 
   274  009F                     	;# 
   275  0105                     	;# 
   276  0107                     	;# 
   277  0108                     	;# 
   278  0109                     	;# 
   279  010C                     	;# 
   280  010C                     	;# 
   281  010D                     	;# 
   282  010E                     	;# 
   283  010F                     	;# 
   284  0185                     	;# 
   285  0187                     	;# 
   286  0188                     	;# 
   287  0189                     	;# 
   288  018C                     	;# 
   289  018D                     	;# 
   290                           
   291                           	psect	idataBANK0
   292  0125                     __pidataBANK0:
   293                           
   294                           ;initializer for _Tiempo
   295  0125  3464               	retlw	100
   296  0126  3400               	retlw	0
   297  0127  3400               	retlw	0
   298  0128  3400               	retlw	0
   299  000E                     _TMR1	set	14
   300  000B                     _INTCONbits	set	11
   301  0010                     _T1CONbits	set	16
   302  000C                     _PIR1bits	set	12
   303  0006                     _PORTBbits	set	6
   304  008C                     _PIE1bits	set	140
   305  0086                     _TRISBbits	set	134
   306  0189                     _ANSELH	set	393
   307  0188                     _ANSEL	set	392
   308                           
   309                           	psect	cinit
   310  000F                     start_initialization:	
   311                           ; #config settings
   312                           
   313  000F                     __initialization:
   314                           
   315                           ; Initialize objects allocated to BANK0
   316  000F  120A  118A  2125  120A  118A  	fcall	__pidataBANK0	;fetch initializer
   317  0014  00A0               	movwf	__pdataBANK0& (0+127)
   318  0015  120A  118A  2126  120A  118A  	fcall	__pidataBANK0+1	;fetch initializer
   319  001A  00A1               	movwf	(__pdataBANK0+1)& (0+127)
   320  001B  120A  118A  2127  120A  118A  	fcall	__pidataBANK0+2	;fetch initializer
   321  0020  00A2               	movwf	(__pdataBANK0+2)& (0+127)
   322  0021  120A  118A  2128  120A  118A  	fcall	__pidataBANK0+3	;fetch initializer
   323  0026  00A3               	movwf	(__pdataBANK0+3)& (0+127)
   324                           
   325                           ; Clear objects allocated to COMMON
   326  0027  01F6               	clrf	__pbssCOMMON& (0+127)
   327  0028  01F7               	clrf	(__pbssCOMMON+1)& (0+127)
   328  0029  01F8               	clrf	(__pbssCOMMON+2)& (0+127)
   329  002A  01F9               	clrf	(__pbssCOMMON+3)& (0+127)
   330  002B                     end_of_initialization:	
   331                           ;End of C runtime variable initialization code
   332                           
   333  002B                     __end_of__initialization:
   334  002B  0183               	clrf	3
   335  002C  120A  118A  282F   	ljmp	_main	;jump to C main() function
   336                           
   337                           	psect	bssCOMMON
   338  0076                     __pbssCOMMON:
   339  0076                     _Delay:
   340  0076                     	ds	4
   341                           
   342                           	psect	dataBANK0
   343  0020                     __pdataBANK0:
   344  0020                     _Tiempo:
   345  0020                     	ds	4
   346                           
   347                           	psect	cstackCOMMON
   348  0070                     __pcstackCOMMON:
   349  0070                     ?_Timer1_Init:
   350  0070                     ?_Timer1_Stop:	
   351                           ; 1 bytes @ 0x0
   352                           
   353  0070                     ?_Timer1_Start:	
   354                           ; 1 bytes @ 0x0
   355                           
   356  0070                     ?_Antirrebote:	
   357                           ; 1 bytes @ 0x0
   358                           
   359  0070                     ?_Fin_Delay:	
   360                           ; 1 bytes @ 0x0
   361                           
   362  0070                     ??_Fin_Delay:	
   363                           ; 1 bytes @ 0x0
   364                           
   365  0070                     ?_main:	
   366                           ; 1 bytes @ 0x0
   367                           
   368  0070                     ?_ISR:	
   369                           ; 1 bytes @ 0x0
   370                           
   371  0070                     ??_ISR:	
   372                           ; 1 bytes @ 0x0
   373                           
   374  0070                     ?i1_Timer1_Stop:	
   375                           ; 1 bytes @ 0x0
   376                           
   377  0070                     ??i1_Timer1_Stop:	
   378                           ; 1 bytes @ 0x0
   379                           
   380                           
   381                           ; 1 bytes @ 0x0
   382  0070                     	ds	6
   383                           
   384                           	psect	cstackBANK0
   385  0024                     __pcstackBANK0:
   386  0024                     ??_Timer1_Init:
   387  0024                     ??_Timer1_Stop:	
   388                           ; 1 bytes @ 0x0
   389                           
   390  0024                     ??_Timer1_Start:	
   391                           ; 1 bytes @ 0x0
   392                           
   393  0024                     ??_Antirrebote:	
   394                           ; 1 bytes @ 0x0
   395                           
   396                           
   397                           ; 1 bytes @ 0x0
   398  0024                     	ds	2
   399  0026                     ??_main:
   400                           
   401                           	psect	maintext
   402  002F                     __pmaintext:	
   403                           ; 1 bytes @ 0x2
   404 ;;
   405 ;;Main: autosize = 0, tempsize = 0, incstack = 0, save=0
   406 ;;
   407 ;; *************** function _main *****************
   408 ;; Defined at:
   409 ;;		line 34 in file "Main.c"
   410 ;; Parameters:    Size  Location     Type
   411 ;;		None
   412 ;; Auto vars:     Size  Location     Type
   413 ;;		None
   414 ;; Return value:  Size  Location     Type
   415 ;;                  1    wreg      void 
   416 ;; Registers used:
   417 ;;		wreg, status,2, status,0, pclath, cstack
   418 ;; Tracked objects:
   419 ;;		On entry : B00/0
   420 ;;		On exit  : 0/0
   421 ;;		Unchanged: 0/0
   422 ;; Data sizes:     COMMON   BANK0   BANK1   BANK3   BANK2
   423 ;;      Params:         0       0       0       0       0
   424 ;;      Locals:         0       0       0       0       0
   425 ;;      Temps:          0       0       0       0       0
   426 ;;      Totals:         0       0       0       0       0
   427 ;;Total ram usage:        0 bytes
   428 ;; Hardware stack levels required when called:    4
   429 ;; This function calls:
   430 ;;		_Antirrebote
   431 ;;		_Timer1_Init
   432 ;;		_Timer1_Start
   433 ;;		_Timer1_Stop
   434 ;; This function is called by:
   435 ;;		Startup code after reset
   436 ;; This function uses a non-reentrant model
   437 ;;
   438                           
   439                           
   440                           ;psect for function _main
   441  002F                     _main:
   442  002F                     l911:	
   443                           ;incstack = 0
   444                           ; Regs used in _main: [wreg+status,2+status,0+pclath+cstack]
   445                           
   446                           
   447                           ;Main.c: 36:     ANSEL = 0;
   448  002F  1683               	bsf	3,5	;RP0=1, select bank3
   449  0030  1703               	bsf	3,6	;RP1=1, select bank3
   450  0031  0188               	clrf	8	;volatile
   451                           
   452                           ;Main.c: 37:     ANSELH = 0;
   453  0032  0189               	clrf	9	;volatile
   454  0033                     l913:
   455                           
   456                           ;Main.c: 39:     TRISBbits.TRISB0 = 1;
   457  0033  1683               	bsf	3,5	;RP0=1, select bank1
   458  0034  1303               	bcf	3,6	;RP1=0, select bank1
   459  0035  1406               	bsf	6,0	;volatile
   460  0036                     l915:
   461                           
   462                           ;Main.c: 40:     TRISBbits.TRISB1 = 1;
   463  0036  1486               	bsf	6,1	;volatile
   464  0037                     l917:
   465                           
   466                           ;Main.c: 41:     TRISBbits.TRISB3 = 0;
   467  0037  1186               	bcf	6,3	;volatile
   468  0038                     l919:
   469                           
   470                           ;Main.c: 42:     PORTBbits.RB3=0;
   471  0038  1283               	bcf	3,5	;RP0=0, select bank0
   472  0039  1303               	bcf	3,6	;RP1=0, select bank0
   473  003A  1186               	bcf	6,3	;volatile
   474  003B                     l921:
   475                           
   476                           ;Main.c: 45:     Timer1_Init();
   477  003B  120A  118A  20EE  120A  118A  	fcall	_Timer1_Init
   478  0040                     l923:
   479                           
   480                           ;Main.c: 46:     Timer1_Stop();
   481  0040  120A  118A  2113  120A  118A  	fcall	_Timer1_Stop
   482  0045                     l925:
   483                           
   484                           ;Main.c: 49:     {;Main.c: 50:         if(PORTBbits.RB0)
   485  0045  1283               	bcf	3,5	;RP0=0, select bank0
   486  0046  1303               	bcf	3,6	;RP1=0, select bank0
   487  0047  1C06               	btfss	6,0	;volatile
   488  0048  284A               	goto	u211
   489  0049  284B               	goto	u210
   490  004A                     u211:
   491  004A  285E               	goto	l935
   492  004B                     u210:
   493  004B                     l927:
   494                           
   495                           ;Main.c: 51:         {;Main.c: 52:             PORTBbits.RB3=1;
   496  004B  1586               	bsf	6,3	;volatile
   497  004C                     l929:
   498                           
   499                           ;Main.c: 53:             Tiempo = 100;
   500  004C  3000               	movlw	0
   501  004D  00A3               	movwf	_Tiempo+3
   502  004E  3000               	movlw	0
   503  004F  00A2               	movwf	_Tiempo+2
   504  0050  3000               	movlw	0
   505  0051  00A1               	movwf	_Tiempo+1
   506  0052  3064               	movlw	100
   507  0053  00A0               	movwf	_Tiempo
   508  0054                     l931:
   509                           
   510                           ;Main.c: 54:             Timer1_Start();
   511  0054  120A  118A  2102  120A  118A  	fcall	_Timer1_Start
   512  0059                     l933:
   513                           
   514                           ;Main.c: 55:             Antirrebote();
   515  0059  120A  118A  20D9  120A  118A  	fcall	_Antirrebote
   516  005E                     l935:
   517                           
   518                           ;Main.c: 57:         if(PORTBbits.RB1)
   519  005E  1283               	bcf	3,5	;RP0=0, select bank0
   520  005F  1303               	bcf	3,6	;RP1=0, select bank0
   521  0060  1C86               	btfss	6,1	;volatile
   522  0061  2863               	goto	u221
   523  0062  2864               	goto	u220
   524  0063                     u221:
   525  0063  2845               	goto	l925
   526  0064                     u220:
   527  0064                     l937:
   528                           
   529                           ;Main.c: 58:         {;Main.c: 59:             PORTBbits.RB3=1;
   530  0064  1586               	bsf	6,3	;volatile
   531  0065                     l939:
   532                           
   533                           ;Main.c: 60:             Tiempo = 500;
   534  0065  3000               	movlw	0
   535  0066  00A3               	movwf	_Tiempo+3
   536  0067  3000               	movlw	0
   537  0068  00A2               	movwf	_Tiempo+2
   538  0069  3001               	movlw	1
   539  006A  00A1               	movwf	_Tiempo+1
   540  006B  30F4               	movlw	244
   541  006C  00A0               	movwf	_Tiempo
   542  006D                     l941:
   543                           
   544                           ;Main.c: 61:             Timer1_Start();
   545  006D  120A  118A  2102  120A  118A  	fcall	_Timer1_Start
   546  0072                     l943:
   547                           
   548                           ;Main.c: 62:             Antirrebote();
   549  0072  120A  118A  20D9  120A  118A  	fcall	_Antirrebote
   550  0077  2845               	goto	l925
   551  0078  120A  118A  280C   	ljmp	start
   552  007B                     __end_of_main:
   553                           
   554                           	psect	text1
   555  0113                     __ptext1:	
   556 ;; *************** function _Timer1_Stop *****************
   557 ;; Defined at:
   558 ;;		line 39 in file "Timer1.c"
   559 ;; Parameters:    Size  Location     Type
   560 ;;		None
   561 ;; Auto vars:     Size  Location     Type
   562 ;;		None
   563 ;; Return value:  Size  Location     Type
   564 ;;                  1    wreg      void 
   565 ;; Registers used:
   566 ;;		None
   567 ;; Tracked objects:
   568 ;;		On entry : 0/0
   569 ;;		On exit  : 0/0
   570 ;;		Unchanged: 0/0
   571 ;; Data sizes:     COMMON   BANK0   BANK1   BANK3   BANK2
   572 ;;      Params:         0       0       0       0       0
   573 ;;      Locals:         0       0       0       0       0
   574 ;;      Temps:          0       0       0       0       0
   575 ;;      Totals:         0       0       0       0       0
   576 ;;Total ram usage:        0 bytes
   577 ;; Hardware stack levels used:    1
   578 ;; Hardware stack levels required when called:    3
   579 ;; This function calls:
   580 ;;		Nothing
   581 ;; This function is called by:
   582 ;;		_main
   583 ;; This function uses a non-reentrant model
   584 ;;
   585                           
   586                           
   587                           ;psect for function _Timer1_Stop
   588  0113                     _Timer1_Stop:
   589  0113                     l891:	
   590                           ;incstack = 0
   591                           ; Regs used in _Timer1_Stop: []
   592                           
   593                           
   594                           ;Timer1.c: 41:     T1CONbits.TMR1ON = 0;
   595  0113  1283               	bcf	3,5	;RP0=0, select bank0
   596  0114  1303               	bcf	3,6	;RP1=0, select bank0
   597  0115  1010               	bcf	16,0	;volatile
   598                           
   599                           ;Timer1.c: 42:     TMR1 = 64285;
   600  0116  30FB               	movlw	251
   601  0117  008F               	movwf	15	;volatile
   602  0118  301D               	movlw	29
   603  0119  008E               	movwf	14	;volatile
   604                           
   605                           ;Timer1.c: 44:     INTCONbits.GIE = 0;
   606  011A  138B               	bcf	11,7	;volatile
   607  011B                     l79:	
   608                           ;Timer1.c: 46:     return;
   609                           
   610  011B  0008               	return
   611  011C                     __end_of_Timer1_Stop:
   612                           
   613                           	psect	text2
   614  0102                     __ptext2:	
   615 ;; *************** function _Timer1_Start *****************
   616 ;; Defined at:
   617 ;;		line 28 in file "Timer1.c"
   618 ;; Parameters:    Size  Location     Type
   619 ;;		None
   620 ;; Auto vars:     Size  Location     Type
   621 ;;		None
   622 ;; Return value:  Size  Location     Type
   623 ;;                  1    wreg      void 
   624 ;; Registers used:
   625 ;;		wreg
   626 ;; Tracked objects:
   627 ;;		On entry : 0/0
   628 ;;		On exit  : 0/0
   629 ;;		Unchanged: 0/0
   630 ;; Data sizes:     COMMON   BANK0   BANK1   BANK3   BANK2
   631 ;;      Params:         0       0       0       0       0
   632 ;;      Locals:         0       0       0       0       0
   633 ;;      Temps:          0       0       0       0       0
   634 ;;      Totals:         0       0       0       0       0
   635 ;;Total ram usage:        0 bytes
   636 ;; Hardware stack levels used:    1
   637 ;; Hardware stack levels required when called:    3
   638 ;; This function calls:
   639 ;;		Nothing
   640 ;; This function is called by:
   641 ;;		_main
   642 ;; This function uses a non-reentrant model
   643 ;;
   644                           
   645                           
   646                           ;psect for function _Timer1_Start
   647  0102                     _Timer1_Start:
   648  0102                     l893:	
   649                           ;incstack = 0
   650                           ; Regs used in _Timer1_Start: [wreg]
   651                           
   652                           
   653                           ;Timer1.c: 30:     Delay = Tiempo;
   654  0102  1283               	bcf	3,5	;RP0=0, select bank0
   655  0103  1303               	bcf	3,6	;RP1=0, select bank0
   656  0104  0823               	movf	_Tiempo+3,w
   657  0105  00F9               	movwf	_Delay+3	;volatile
   658  0106  0822               	movf	_Tiempo+2,w
   659  0107  00F8               	movwf	_Delay+2	;volatile
   660  0108  0821               	movf	_Tiempo+1,w
   661  0109  00F7               	movwf	_Delay+1	;volatile
   662  010A  0820               	movf	_Tiempo,w
   663  010B  00F6               	movwf	_Delay	;volatile
   664  010C                     l895:
   665                           
   666                           ;Timer1.c: 31:     TMR1 = 64285;
   667  010C  30FB               	movlw	251
   668  010D  008F               	movwf	15	;volatile
   669  010E  301D               	movlw	29
   670  010F  008E               	movwf	14	;volatile
   671  0110                     l897:
   672                           
   673                           ;Timer1.c: 32:     T1CONbits.TMR1ON = 1;
   674  0110  1410               	bsf	16,0	;volatile
   675  0111                     l899:
   676                           
   677                           ;Timer1.c: 34:     INTCONbits.GIE = 1;
   678  0111  178B               	bsf	11,7	;volatile
   679  0112                     l76:
   680  0112  0008               	return
   681  0113                     __end_of_Timer1_Start:
   682                           
   683                           	psect	text3
   684  00EE                     __ptext3:	
   685 ;; *************** function _Timer1_Init *****************
   686 ;; Defined at:
   687 ;;		line 8 in file "Timer1.c"
   688 ;; Parameters:    Size  Location     Type
   689 ;;		None
   690 ;; Auto vars:     Size  Location     Type
   691 ;;		None
   692 ;; Return value:  Size  Location     Type
   693 ;;                  1    wreg      void 
   694 ;; Registers used:
   695 ;;		wreg, status,2, status,0
   696 ;; Tracked objects:
   697 ;;		On entry : 0/0
   698 ;;		On exit  : 0/0
   699 ;;		Unchanged: 0/0
   700 ;; Data sizes:     COMMON   BANK0   BANK1   BANK3   BANK2
   701 ;;      Params:         0       0       0       0       0
   702 ;;      Locals:         0       0       0       0       0
   703 ;;      Temps:          0       0       0       0       0
   704 ;;      Totals:         0       0       0       0       0
   705 ;;Total ram usage:        0 bytes
   706 ;; Hardware stack levels used:    1
   707 ;; Hardware stack levels required when called:    3
   708 ;; This function calls:
   709 ;;		Nothing
   710 ;; This function is called by:
   711 ;;		_main
   712 ;; This function uses a non-reentrant model
   713 ;;
   714                           
   715                           
   716                           ;psect for function _Timer1_Init
   717  00EE                     _Timer1_Init:
   718  00EE                     l871:	
   719                           ;incstack = 0
   720                           ; Regs used in _Timer1_Init: [wreg+status,2+status,0]
   721                           
   722                           
   723                           ;Timer1.c: 11:     T1CONbits.TMR1CS = 0;
   724  00EE  1283               	bcf	3,5	;RP0=0, select bank0
   725  00EF  1303               	bcf	3,6	;RP1=0, select bank0
   726  00F0  1090               	bcf	16,1	;volatile
   727  00F1                     l873:
   728                           
   729                           ;Timer1.c: 12:     T1CONbits.T1CKPS = 0b11;
   730  00F1  3030               	movlw	48
   731  00F2  0490               	iorwf	16,f	;volatile
   732  00F3                     l875:
   733                           
   734                           ;Timer1.c: 13:     T1CONbits.TMR1ON = 0;
   735  00F3  1010               	bcf	16,0	;volatile
   736  00F4                     l877:
   737                           
   738                           ;Timer1.c: 14:     T1CONbits.T1OSCEN = 0;
   739  00F4  1190               	bcf	16,3	;volatile
   740  00F5                     l879:
   741                           
   742                           ;Timer1.c: 15:     TMR1 = 64285;
   743  00F5  30FB               	movlw	251
   744  00F6  008F               	movwf	15	;volatile
   745  00F7  301D               	movlw	29
   746  00F8  008E               	movwf	14	;volatile
   747  00F9                     l881:
   748                           
   749                           ;Timer1.c: 19:     INTCONbits.GIE = 1;
   750  00F9  178B               	bsf	11,7	;volatile
   751  00FA                     l883:
   752                           
   753                           ;Timer1.c: 20:     INTCONbits.PEIE = 1;
   754  00FA  170B               	bsf	11,6	;volatile
   755  00FB                     l885:
   756                           
   757                           ;Timer1.c: 21:     PIE1bits.TMR1IE = 1;
   758  00FB  1683               	bsf	3,5	;RP0=1, select bank1
   759  00FC  1303               	bcf	3,6	;RP1=0, select bank1
   760  00FD  140C               	bsf	12,0	;volatile
   761  00FE                     l887:
   762                           
   763                           ;Timer1.c: 22:     PIR1bits.TMR1IF = 0;
   764  00FE  1283               	bcf	3,5	;RP0=0, select bank0
   765  00FF  1303               	bcf	3,6	;RP1=0, select bank0
   766  0100  100C               	bcf	12,0	;volatile
   767  0101                     l73:
   768  0101  0008               	return
   769  0102                     __end_of_Timer1_Init:
   770                           
   771                           	psect	text4
   772  00D9                     __ptext4:	
   773 ;; *************** function _Antirrebote *****************
   774 ;; Defined at:
   775 ;;		line 100 in file "Main.c"
   776 ;; Parameters:    Size  Location     Type
   777 ;;		None
   778 ;; Auto vars:     Size  Location     Type
   779 ;;		None
   780 ;; Return value:  Size  Location     Type
   781 ;;                  1    wreg      void 
   782 ;; Registers used:
   783 ;;		wreg
   784 ;; Tracked objects:
   785 ;;		On entry : 0/0
   786 ;;		On exit  : 0/0
   787 ;;		Unchanged: 0/0
   788 ;; Data sizes:     COMMON   BANK0   BANK1   BANK3   BANK2
   789 ;;      Params:         0       0       0       0       0
   790 ;;      Locals:         0       0       0       0       0
   791 ;;      Temps:          0       2       0       0       0
   792 ;;      Totals:         0       2       0       0       0
   793 ;;Total ram usage:        2 bytes
   794 ;; Hardware stack levels used:    1
   795 ;; Hardware stack levels required when called:    3
   796 ;; This function calls:
   797 ;;		Nothing
   798 ;; This function is called by:
   799 ;;		_main
   800 ;; This function uses a non-reentrant model
   801 ;;
   802                           
   803                           
   804                           ;psect for function _Antirrebote
   805  00D9                     _Antirrebote:
   806  00D9                     l903:	
   807                           ;incstack = 0
   808                           ; Regs used in _Antirrebote: [wreg]
   809                           
   810                           
   811                           ;Main.c: 102:     _delay((unsigned long)((10)*(4000000/4000.0)));
   812  00D9  300D               	movlw	13
   813  00DA  1283               	bcf	3,5	;RP0=0, select bank0
   814  00DB  1303               	bcf	3,6	;RP1=0, select bank0
   815  00DC  00A5               	movwf	??_Antirrebote+1
   816  00DD  30FB               	movlw	251
   817  00DE  00A4               	movwf	??_Antirrebote
   818  00DF                     u237:
   819  00DF  0BA4               	decfsz	??_Antirrebote,f
   820  00E0  28DF               	goto	u237
   821  00E1  0BA5               	decfsz	??_Antirrebote+1,f
   822  00E2  28DF               	goto	u237
   823  00E3                     l907:	
   824                           ;Main.c: 103:     while(PORTBbits.RB0==1 || PORTBbits.RB1==1) _delay((unsigned long)((10
      +                          )*(4000000/4000.0)));
   825                           
   826  00E3  1283               	bcf	3,5	;RP0=0, select bank0
   827  00E4  1303               	bcf	3,6	;RP1=0, select bank0
   828  00E5  1806               	btfsc	6,0	;volatile
   829  00E6  28E8               	goto	u191
   830  00E7  28E9               	goto	u190
   831  00E8                     u191:
   832  00E8  28D9               	goto	l903
   833  00E9                     u190:
   834  00E9                     l909:
   835  00E9  1886               	btfsc	6,1	;volatile
   836  00EA  28EC               	goto	u201
   837  00EB  28ED               	goto	u200
   838  00EC                     u201:
   839  00EC  28D9               	goto	l903
   840  00ED                     u200:
   841  00ED                     l56:
   842  00ED  0008               	return
   843  00EE                     __end_of_Antirrebote:
   844                           
   845                           	psect	text5
   846  007B                     __ptext5:	
   847 ;; *************** function _ISR *****************
   848 ;; Defined at:
   849 ;;		line 70 in file "Main.c"
   850 ;; Parameters:    Size  Location     Type
   851 ;;		None
   852 ;; Auto vars:     Size  Location     Type
   853 ;;		None
   854 ;; Return value:  Size  Location     Type
   855 ;;                  1    wreg      void 
   856 ;; Registers used:
   857 ;;		wreg, status,2, status,0, pclath, cstack
   858 ;; Tracked objects:
   859 ;;		On entry : 0/0
   860 ;;		On exit  : 0/0
   861 ;;		Unchanged: 0/0
   862 ;; Data sizes:     COMMON   BANK0   BANK1   BANK3   BANK2
   863 ;;      Params:         0       0       0       0       0
   864 ;;      Locals:         0       0       0       0       0
   865 ;;      Temps:          6       0       0       0       0
   866 ;;      Totals:         6       0       0       0       0
   867 ;;Total ram usage:        6 bytes
   868 ;; Hardware stack levels used:    1
   869 ;; Hardware stack levels required when called:    2
   870 ;; This function calls:
   871 ;;		_Fin_Delay
   872 ;; This function is called by:
   873 ;;		Interrupt level 1
   874 ;; This function uses a non-reentrant model
   875 ;;
   876                           
   877                           
   878                           ;psect for function _ISR
   879  007B                     _ISR:
   880  007B                     i1l857:
   881                           
   882                           ;Main.c: 72:     if(PIR1bits.TMR1IF == 1)
   883  007B  1283               	bcf	3,5	;RP0=0, select bank0
   884  007C  1303               	bcf	3,6	;RP1=0, select bank0
   885  007D  1C0C               	btfss	12,0	;volatile
   886  007E  2880               	goto	u15_21
   887  007F  2881               	goto	u15_20
   888  0080                     u15_21:
   889  0080  28AA               	goto	i1l43
   890  0081                     u15_20:
   891  0081                     i1l859:
   892                           
   893                           ;Main.c: 73:     {;Main.c: 74:         if(Delay!=0) Delay--;
   894  0081  0879               	movf	_Delay+3,w	;volatile
   895  0082  0478               	iorwf	_Delay+2,w	;volatile
   896  0083  0477               	iorwf	_Delay+1,w	;volatile
   897  0084  0476               	iorwf	_Delay,w	;volatile
   898  0085  1903               	skipnz
   899  0086  2888               	goto	u16_21
   900  0087  2889               	goto	u16_20
   901  0088                     u16_21:
   902  0088  28A5               	goto	i1l863
   903  0089                     u16_20:
   904  0089                     i1l861:
   905  0089  3001               	movlw	1
   906  008A  00F0               	movwf	??_ISR
   907  008B  3000               	movlw	0
   908  008C  00F1               	movwf	??_ISR+1
   909  008D  3000               	movlw	0
   910  008E  00F2               	movwf	??_ISR+2
   911  008F  3000               	movlw	0
   912  0090  00F3               	movwf	??_ISR+3
   913  0091  0870               	movf	??_ISR,w
   914  0092  02F6               	subwf	_Delay,f	;volatile
   915  0093  0871               	movf	??_ISR+1,w
   916  0094  1C03               	skipc
   917  0095  0F71               	incfsz	??_ISR+1,w
   918  0096  2898               	goto	u17_25
   919  0097  2899               	goto	u17_26
   920  0098                     u17_25:
   921  0098  02F7               	subwf	_Delay+1,f	;volatile
   922  0099                     u17_26:
   923  0099  0872               	movf	??_ISR+2,w
   924  009A  1C03               	skipc
   925  009B  0F72               	incfsz	??_ISR+2,w
   926  009C  289E               	goto	u17_27
   927  009D  289F               	goto	u17_28
   928  009E                     u17_27:
   929  009E  02F8               	subwf	_Delay+2,f	;volatile
   930  009F                     u17_28:
   931  009F  0873               	movf	??_ISR+3,w
   932  00A0  1C03               	skipc
   933  00A1  0F73               	incfsz	??_ISR+3,w
   934  00A2  28A4               	goto	u17_29
   935  00A3  28A5               	goto	u17_20
   936  00A4                     u17_29:
   937  00A4  02F9               	subwf	_Delay+3,f	;volatile
   938  00A5                     u17_20:
   939  00A5                     i1l863:
   940                           
   941                           ;Main.c: 76:         TMR1 = 64285;
   942  00A5  30FB               	movlw	251
   943  00A6  008F               	movwf	15	;volatile
   944  00A7  301D               	movlw	29
   945  00A8  008E               	movwf	14	;volatile
   946  00A9                     i1l865:
   947                           
   948                           ;Main.c: 77:         PIR1bits.TMR1IF = 0;
   949  00A9  100C               	bcf	12,0	;volatile
   950  00AA                     i1l43:	
   951                           ;Main.c: 78:     }
   952                           
   953                           
   954                           ;Main.c: 80:     if(!Delay) Fin_Delay();
   955  00AA  0879               	movf	_Delay+3,w	;volatile
   956  00AB  0478               	iorwf	_Delay+2,w	;volatile
   957  00AC  0477               	iorwf	_Delay+1,w	;volatile
   958  00AD  0476               	iorwf	_Delay,w	;volatile
   959  00AE  1D03               	skipz
   960  00AF  28B1               	goto	u18_21
   961  00B0  28B2               	goto	u18_20
   962  00B1                     u18_21:
   963  00B1  28B7               	goto	i1l46
   964  00B2                     u18_20:
   965  00B2                     i1l867:
   966  00B2  120A  118A  20BE  120A  118A  	fcall	_Fin_Delay
   967  00B7                     i1l46:
   968  00B7  0875               	movf	??_ISR+5,w
   969  00B8  008A               	movwf	10
   970  00B9  0E74               	swapf	(??_ISR+4)^(0+4294967168),w
   971  00BA  0083               	movwf	3
   972  00BB  0EFE               	swapf	btemp,f
   973  00BC  0E7E               	swapf	btemp,w
   974  00BD  0009               	retfie
   975  00BE                     __end_of_ISR:
   976                           
   977                           	psect	intentry
   978  0004                     __pintentry:	
   979                           ;incstack = 0
   980                           ; Regs used in _ISR: [wreg+status,2+status,0+pclath+cstack]
   981                           
   982  0004                     interrupt_function:
   983  007E                     saved_w	set	btemp
   984  0004  00FE               	movwf	btemp
   985  0005  0E03               	swapf	3,w
   986  0006  00F4               	movwf	??_ISR+4
   987  0007  080A               	movf	10,w
   988  0008  00F5               	movwf	??_ISR+5
   989  0009  120A  118A  287B   	ljmp	_ISR
   990                           
   991                           	psect	text6
   992  00BE                     __ptext6:	
   993 ;; *************** function _Fin_Delay *****************
   994 ;; Defined at:
   995 ;;		line 85 in file "Main.c"
   996 ;; Parameters:    Size  Location     Type
   997 ;;		None
   998 ;; Auto vars:     Size  Location     Type
   999 ;;		None
  1000 ;; Return value:  Size  Location     Type
  1001 ;;                  1    wreg      void 
  1002 ;; Registers used:
  1003 ;;		wreg, status,2, status,0, pclath, cstack
  1004 ;; Tracked objects:
  1005 ;;		On entry : 0/0
  1006 ;;		On exit  : 0/0
  1007 ;;		Unchanged: 0/0
  1008 ;; Data sizes:     COMMON   BANK0   BANK1   BANK3   BANK2
  1009 ;;      Params:         0       0       0       0       0
  1010 ;;      Locals:         0       0       0       0       0
  1011 ;;      Temps:          0       0       0       0       0
  1012 ;;      Totals:         0       0       0       0       0
  1013 ;;Total ram usage:        0 bytes
  1014 ;; Hardware stack levels used:    1
  1015 ;; Hardware stack levels required when called:    1
  1016 ;; This function calls:
  1017 ;;		i1_Timer1_Stop
  1018 ;; This function is called by:
  1019 ;;		_ISR
  1020 ;; This function uses a non-reentrant model
  1021 ;;
  1022                           
  1023                           
  1024                           ;psect for function _Fin_Delay
  1025  00BE                     _Fin_Delay:
  1026  00BE                     i1l813:	
  1027                           ;incstack = 0
  1028                           ; Regs used in _Fin_Delay: [wreg+status,2+status,0+pclath+cstack]
  1029                           
  1030                           
  1031                           ;Main.c: 87:     if(Delay==0)
  1032  00BE  0879               	movf	_Delay+3,w	;volatile
  1033  00BF  0478               	iorwf	_Delay+2,w	;volatile
  1034  00C0  0477               	iorwf	_Delay+1,w	;volatile
  1035  00C1  0476               	iorwf	_Delay,w	;volatile
  1036  00C2  1D03               	skipz
  1037  00C3  28C5               	goto	u12_21
  1038  00C4  28C6               	goto	u12_20
  1039  00C5                     u12_21:
  1040  00C5  28D8               	goto	i1l50
  1041  00C6                     u12_20:
  1042  00C6                     i1l815:
  1043                           
  1044                           ;Main.c: 88:     {;Main.c: 92:         PORTBbits.RB3=0;
  1045  00C6  1283               	bcf	3,5	;RP0=0, select bank0
  1046  00C7  1303               	bcf	3,6	;RP1=0, select bank0
  1047  00C8  1186               	bcf	6,3	;volatile
  1048  00C9                     i1l817:
  1049                           
  1050                           ;Main.c: 93:         Timer1_Stop();
  1051  00C9  120A  118A  211C  120A  118A  	fcall	i1_Timer1_Stop
  1052  00CE                     i1l819:
  1053                           
  1054                           ;Main.c: 94:         Delay = Tiempo;
  1055  00CE  1283               	bcf	3,5	;RP0=0, select bank0
  1056  00CF  1303               	bcf	3,6	;RP1=0, select bank0
  1057  00D0  0823               	movf	_Tiempo+3,w
  1058  00D1  00F9               	movwf	_Delay+3	;volatile
  1059  00D2  0822               	movf	_Tiempo+2,w
  1060  00D3  00F8               	movwf	_Delay+2	;volatile
  1061  00D4  0821               	movf	_Tiempo+1,w
  1062  00D5  00F7               	movwf	_Delay+1	;volatile
  1063  00D6  0820               	movf	_Tiempo,w
  1064  00D7  00F6               	movwf	_Delay	;volatile
  1065  00D8                     i1l50:
  1066  00D8  0008               	return
  1067  00D9                     __end_of_Fin_Delay:
  1068                           
  1069                           	psect	text7
  1070  011C                     __ptext7:	
  1071 ;; *************** function i1_Timer1_Stop *****************
  1072 ;; Defined at:
  1073 ;;		line 39 in file "Timer1.c"
  1074 ;; Parameters:    Size  Location     Type
  1075 ;;		None
  1076 ;; Auto vars:     Size  Location     Type
  1077 ;;		None
  1078 ;; Return value:  Size  Location     Type
  1079 ;;                  1    wreg      void 
  1080 ;; Registers used:
  1081 ;;		None
  1082 ;; Tracked objects:
  1083 ;;		On entry : 0/0
  1084 ;;		On exit  : 0/0
  1085 ;;		Unchanged: 0/0
  1086 ;; Data sizes:     COMMON   BANK0   BANK1   BANK3   BANK2
  1087 ;;      Params:         0       0       0       0       0
  1088 ;;      Locals:         0       0       0       0       0
  1089 ;;      Temps:          0       0       0       0       0
  1090 ;;      Totals:         0       0       0       0       0
  1091 ;;Total ram usage:        0 bytes
  1092 ;; Hardware stack levels used:    1
  1093 ;; This function calls:
  1094 ;;		Nothing
  1095 ;; This function is called by:
  1096 ;;		_Fin_Delay
  1097 ;; This function uses a non-reentrant model
  1098 ;;
  1099                           
  1100                           
  1101                           ;psect for function i1_Timer1_Stop
  1102  011C                     i1_Timer1_Stop:
  1103  011C                     i1l771:	
  1104                           ;incstack = 0
  1105                           ; Regs used in i1_Timer1_Stop: []
  1106                           
  1107                           
  1108                           ;Timer1.c: 41:     T1CONbits.TMR1ON = 0;
  1109  011C  1283               	bcf	3,5	;RP0=0, select bank0
  1110  011D  1303               	bcf	3,6	;RP1=0, select bank0
  1111  011E  1010               	bcf	16,0	;volatile
  1112                           
  1113                           ;Timer1.c: 42:     TMR1 = 64285;
  1114  011F  30FB               	movlw	251
  1115  0120  008F               	movwf	15	;volatile
  1116  0121  301D               	movlw	29
  1117  0122  008E               	movwf	14	;volatile
  1118                           
  1119                           ;Timer1.c: 44:     INTCONbits.GIE = 0;
  1120  0123  138B               	bcf	11,7	;volatile
  1121  0124                     i1l79:	
  1122                           ;Timer1.c: 46:     return;
  1123                           
  1124  0124  0008               	return
  1125  0125                     __end_ofi1_Timer1_Stop:
  1126  007E                     btemp	set	126	;btemp
  1127  007E                     wtemp0	set	126
  1128                           
  1129                           	psect	config
  1130                           
  1131                           ;Config register CONFIG1 @ 0x2007
  1132                           ;	Oscillator Selection bits
  1133                           ;	FOSC = INTRC_CLKOUT, INTOSC oscillator: CLKOUT function on RA6/OSC2/CLKOUT pin, I/O fu
      +                          nction on RA7/OSC1/CLKIN
  1134                           ;	Watchdog Timer Enable bit
  1135                           ;	WDTE = OFF, WDT disabled and can be enabled by SWDTEN bit of the WDTCON register
  1136                           ;	Power-up Timer Enable bit
  1137                           ;	PWRTE = ON, PWRT enabled
  1138                           ;	RE3/MCLR pin function select bit
  1139                           ;	MCLRE = ON, RE3/MCLR pin function is MCLR
  1140                           ;	Code Protection bit
  1141                           ;	CP = OFF, Program memory code protection is disabled
  1142                           ;	Data Code Protection bit
  1143                           ;	CPD = OFF, Data memory code protection is disabled
  1144                           ;	Brown Out Reset Selection bits
  1145                           ;	BOREN = OFF, BOR disabled
  1146                           ;	Internal External Switchover bit
  1147                           ;	IESO = OFF, Internal/External Switchover mode is disabled
  1148                           ;	Fail-Safe Clock Monitor Enabled bit
  1149                           ;	FCMEN = ON, Fail-Safe Clock Monitor is enabled
  1150                           ;	Low Voltage Programming Enable bit
  1151                           ;	LVP = OFF, RB3 pin has digital I/O, HV on MCLR must be used for programming
  1152                           ;	In-Circuit Debugger Mode bit
  1153                           ;	DEBUG = 0x1, unprogrammed default
  1154  2007                     	org	8199
  1155  2007  28E5               	dw	10469
  1156                           
  1157                           ;Config register CONFIG2 @ 0x2008
  1158                           ;	Brown-out Reset Selection bit
  1159                           ;	BOR4V = BOR40V, Brown-out Reset set to 4.0V
  1160                           ;	Flash Program Memory Self Write Enable bits
  1161                           ;	WRT = OFF, Write protection off
  1162  2008                     	org	8200
  1163  2008  3FFF               	dw	16383

Data Sizes:
    Strings     0
    Constant    0
    Data        4
    BSS         4
    Persistent  0
    Stack       0

Auto Spaces:
    Space          Size  Autos    Used
    COMMON           14      6      10
    BANK0            80      2       6
    BANK1            80      0       0
    BANK3            96      0       0
    BANK2            96      0       0

Pointer List with Targets:

    None.

Critical Paths under _main in COMMON

    None.

Critical Paths under _ISR in COMMON

    None.

Critical Paths under _main in BANK0

    _main->_Antirrebote

Critical Paths under _ISR in BANK0

    None.

Critical Paths under _main in BANK1

    None.

Critical Paths under _ISR in BANK1

    None.

Critical Paths under _main in BANK3

    None.

Critical Paths under _ISR in BANK3

    None.

Critical Paths under _main in BANK2

    None.

Critical Paths under _ISR in BANK2

    None.

Call Graph Tables:

 ---------------------------------------------------------------------------------
 (Depth) Function   	        Calls       Base Space   Used Autos Params    Refs
 ---------------------------------------------------------------------------------
 (0) _main                                                 0     0      0       0
                        _Antirrebote
                        _Timer1_Init
                       _Timer1_Start
                        _Timer1_Stop
 ---------------------------------------------------------------------------------
 (1) _Timer1_Stop                                          0     0      0       0
 ---------------------------------------------------------------------------------
 (1) _Timer1_Start                                         0     0      0       0
 ---------------------------------------------------------------------------------
 (1) _Timer1_Init                                          0     0      0       0
 ---------------------------------------------------------------------------------
 (1) _Antirrebote                                          2     2      0       0
                                              0 BANK0      2     2      0
 ---------------------------------------------------------------------------------
 Estimated maximum stack depth 1
 ---------------------------------------------------------------------------------
 (Depth) Function   	        Calls       Base Space   Used Autos Params    Refs
 ---------------------------------------------------------------------------------
 (2) _ISR                                                  6     6      0       0
                                              0 COMMON     6     6      0
                          _Fin_Delay
 ---------------------------------------------------------------------------------
 (3) _Fin_Delay                                            0     0      0       0
                      i1_Timer1_Stop
 ---------------------------------------------------------------------------------
 (4) i1_Timer1_Stop                                        0     0      0       0
 ---------------------------------------------------------------------------------
 Estimated maximum stack depth 4
 ---------------------------------------------------------------------------------

 Call Graph Graphs:

 _main (ROOT)
   _Antirrebote
   _Timer1_Init
   _Timer1_Start
   _Timer1_Stop

 _ISR (ROOT)
   _Fin_Delay
     i1_Timer1_Stop

 Address spaces:
Name               Size   Autos  Total    Cost      Usage
BANK3               60      0       0       9        0.0%
BITBANK3            60      0       0       8        0.0%
SFR3                 0      0       0       4        0.0%
BITSFR3              0      0       0       4        0.0%
BANK2               60      0       0      11        0.0%
BITBANK2            60      0       0      10        0.0%
SFR2                 0      0       0       5        0.0%
BITSFR2              0      0       0       5        0.0%
BANK1               50      0       0       7        0.0%
BITBANK1            50      0       0       6        0.0%
SFR1                 0      0       0       2        0.0%
BITSFR1              0      0       0       2        0.0%
BANK0               50      2       6       5        7.5%
BITBANK0            50      0       0       4        0.0%
SFR0                 0      0       0       1        0.0%
BITSFR0              0      0       0       1        0.0%
COMMON               E      6       A       1       71.4%
BITCOMMON            E      0       0       0        0.0%
CODE                 0      0       0       0        0.0%
DATA                 0      0      10      12        0.0%
ABS                  0      0      10       3        0.0%
NULL                 0      0       0       0        0.0%
STACK                0      0       0       2        0.0%
EEDATA             100      0       0       0        0.0%


Microchip Technology PIC Macro Assembler V2.20 build 20200408173844 
Symbol Table                                                                                   Wed Dec 16 00:41:13 2020

                     l56 00ED                       l73 0101                       l76 0112  
                     l79 011B                      l903 00D9                      l911 002F  
                    l921 003B                      l913 0033                      l907 00E3  
                    l931 0054                      l923 0040                      l915 0036  
                    l909 00E9                      l941 006D                      l933 0059  
                    l925 0045                      l917 0037                      l871 00EE  
                    l943 0072                      l927 004B                      l935 005E  
                    l919 0038                      l881 00F9                      l873 00F1  
                    l937 0064                      l929 004C                      l883 00FA  
                    l875 00F3                      l891 0113                      l939 0065  
                    l885 00FB                      l877 00F4                      l893 0102  
                    l887 00FE                      l879 00F5                      l895 010C  
                    l897 0110                      l899 0111                      u200 00ED  
                    u201 00EC                      u210 004B                      u211 004A  
                    u220 0064                      u221 0063                      u237 00DF  
                    u190 00E9                      u191 00E8                      _ISR 007B  
                   ?_ISR 0070                     i1l50 00D8                     i1l43 00AA  
                   i1l46 00B7                     i1l79 0124                     _TMR1 000E  
                   _main 002F                     btemp 007E                     start 000C  
                  ??_ISR 0070      __end_of_Antirrebote 00EE                    ?_main 0070  
                  _ANSEL 0188                    i1l813 00BE                    i1l815 00C6  
                  i1l817 00C9                    i1l771 011C                    i1l819 00CE  
                  i1l861 0089                    i1l863 00A5                    i1l865 00A9  
                  i1l857 007B                    i1l867 00B2                    i1l859 0081  
                  u12_20 00C6                    u12_21 00C5                    u15_20 0081  
                  u15_21 0080                    u16_20 0089                    u16_21 0088  
                  u17_20 00A5                    u17_25 0098                    u17_26 0099  
                  u17_27 009E                    u18_20 00B2                    u17_28 009F  
                  u18_21 00B1                    u17_29 00A4                    _Delay 0076  
                  pclath 000A                    status 0003                    wtemp0 007E  
        ??i1_Timer1_Stop 0070          __initialization 000F             __end_of_main 007B  
                 ??_main 0026       __size_of_Fin_Delay 001B                   _ANSELH 0189  
          ??_Timer1_Init 0024              _Antirrebote 00D9            ??_Timer1_Stop 0024  
                 _Tiempo 0020                   saved_w 007E  __end_of__initialization 002B  
      __end_of_Fin_Delay 00D9           __pcstackCOMMON 0070             __pidataBANK0 0125  
    __end_of_Timer1_Init 0102      __end_of_Timer1_Stop 011C            ?_Timer1_Start 0070  
             __pmaintext 002F               __pintentry 0004           ??_Timer1_Start 0024  
            _Timer1_Init 00EE              _Timer1_Stop 0113                  __ptext1 0113  
                __ptext2 0102                  __ptext3 00EE                  __ptext4 00D9  
                __ptext5 007B                  __ptext6 00BE                  __ptext7 011C  
           __size_of_ISR 0043                _T1CONbits 0010     end_of_initialization 002B  
           ?_Antirrebote 0070    __end_ofi1_Timer1_Stop 0125                _PORTBbits 0006  
              _TRISBbits 0086                _Fin_Delay 00BE     __end_of_Timer1_Start 0113  
    start_initialization 000F              __end_of_ISR 00BE               ?_Fin_Delay 0070  
            __pdataBANK0 0020              __pbssCOMMON 0076                ___latbits 0002  
          __pcstackBANK0 0024             ?_Timer1_Init 0070             ?_Timer1_Stop 0070  
   __size_of_Antirrebote 0015        interrupt_function 0004                 _PIE1bits 008C  
               _PIR1bits 000C              ??_Fin_Delay 0070    __size_of_Timer1_Start 0011  
           _Timer1_Start 0102   __size_ofi1_Timer1_Stop 0009            __size_of_main 004C  
   __size_of_Timer1_Init 0014     __size_of_Timer1_Stop 0009               _INTCONbits 000B  
               intlevel1 0000            i1_Timer1_Stop 011C            ??_Antirrebote 0024  
         ?i1_Timer1_Stop 0070  
